2019-05-15 23:21:23 WARN  ServerApp:104 - Connection Error!
2019-05-15 23:21:23 WARN  ServerApp:104 - Connection Error!
2019-05-15 23:24:14 WARN  ServerApp:104 - Connection Error!
2019-05-15 23:24:14 WARN  ServerApp:104 - Connection Error!
2019-05-15 23:25:48 WARN  ServerApp:104 - Connection Error!
2019-05-15 23:25:48 WARN  ServerApp:104 - Connection Error!
2019-05-15 23:31:25 WARN  ServerApp:104 - Connection Error!
2019-05-15 23:31:25 WARN  ServerApp:104 - Connection Error!
2019-05-15 23:31:55 WARN  ServerApp:104 - Connection Error!
2019-05-15 23:31:55 WARN  ServerApp:104 - Connection Error!
2019-05-15 23:33:04 WARN  ServerApp:104 - Connection Error!
2019-05-15 23:33:04 WARN  ServerApp:104 - Connection Error!
2019-05-15 23:34:41 WARN  ServerApp:104 - Connection Error!
2019-05-15 23:34:41 WARN  ServerApp:104 - Connection Error!
2019-05-15 23:36:01 WARN  ServerApp:104 - Connection Error!
2019-05-15 23:36:01 WARN  ServerApp:104 - Connection Error!
2019-05-15 23:37:11 WARN  ServerApp:104 - Connection Error!
2019-05-15 23:37:11 WARN  ServerApp:104 - Connection Error!
2019-05-15 23:37:45 WARN  ServerApp:104 - Connection Error!
2019-05-15 23:37:45 WARN  ServerApp:104 - Connection Error!
2019-05-15 23:39:31 WARN  ServerApp:104 - Connection Error!
2019-05-15 23:39:31 WARN  ServerApp:104 - Connection Error!
2019-05-15 23:40:05 WARN  ServerApp:104 - Connection Error!
2019-05-15 23:40:05 WARN  ServerApp:104 - Connection Error!
2019-05-15 23:41:12 WARN  ServerApp:104 - Connection Error!
2019-05-15 23:41:12 WARN  ServerApp:104 - Connection Error!
2019-05-15 23:44:50 WARN  ServerApp:104 - Connection Error!
2019-05-15 23:44:50 WARN  ServerApp:104 - Connection Error!
2019-05-15 23:45:41 WARN  ServerApp:104 - Connection Error!
2019-05-15 23:45:41 WARN  ServerApp:104 - Connection Error!
2019-05-15 23:52:46 WARN  ServerApp:104 - Connection Error!
2019-05-15 23:52:46 WARN  ServerApp:104 - Connection Error!
2019-05-15 23:53:57 WARN  ServerApp:104 - Connection Error!
2019-05-15 23:53:57 WARN  ServerApp:104 - Connection Error!
2019-05-15 23:54:18 WARN  ServerApp:104 - Connection Error!
2019-05-15 23:54:18 WARN  ServerApp:104 - Connection Error!
2019-05-15 23:56:09 WARN  ServerApp:104 - Connection Error!
2019-05-15 23:56:09 WARN  ServerApp:104 - Connection Error!
2019-05-15 23:58:21 WARN  ServerApp:104 - Connection Error!
2019-05-15 23:58:21 WARN  ServerApp:104 - Connection Error!
2019-05-16 00:00:03 WARN  ServerApp:104 - Connection Error!
2019-05-16 00:00:03 WARN  ServerApp:104 - Connection Error!
2019-05-16 00:03:04 WARN  ServerApp:104 - Connection Error!
2019-05-16 00:03:04 WARN  ServerApp:104 - Connection Error!
2019-05-16 00:04:29 WARN  ServerApp:104 - Connection Error!
2019-05-16 00:04:29 WARN  ServerApp:104 - Connection Error!
2019-05-16 00:04:49 WARN  ServerApp:104 - Connection Error!
2019-05-16 00:04:49 WARN  ServerApp:104 - Connection Error!
2019-05-16 00:05:48 WARN  ServerApp:104 - Connection Error!
2019-05-16 00:05:48 WARN  ServerApp:104 - Connection Error!
2019-05-16 00:06:16 WARN  ServerApp:104 - Connection Error!
2019-05-16 00:06:16 WARN  ServerApp:104 - Connection Error!
2019-05-16 00:06:58 WARN  ServerApp:104 - Connection Error!
2019-05-16 00:06:58 WARN  ServerApp:104 - Connection Error!
2019-05-16 00:09:36 WARN  ServerApp:104 - Connection Error!
2019-05-16 00:09:36 WARN  ServerApp:104 - Connection Error!
2019-05-16 00:09:50 WARN  ServerApp:104 - Connection Error!
2019-05-16 00:09:50 WARN  ServerApp:104 - Connection Error!
2019-05-16 00:11:58 WARN  ServerApp:104 - Connection Error!
2019-05-16 00:11:58 WARN  ServerApp:104 - Connection Error!
2019-05-16 00:12:33 WARN  ServerApp:104 - Connection Error!
2019-05-16 00:12:33 WARN  ServerApp:104 - Connection Error!
2019-05-16 00:13:24 WARN  ServerApp:104 - Connection Error!
2019-05-16 00:13:24 WARN  ServerApp:104 - Connection Error!
2019-05-16 18:35:20 WARN  ServerApp:104 - Connection Error!
2019-05-16 18:35:20 WARN  ServerApp:104 - Connection Error!
2019-05-16 18:35:22 WARN  ServerApp:104 - Connection Error!
2019-05-16 18:35:22 WARN  ServerApp:104 - Connection Error!
2019-05-16 18:35:52 INFO  ServerApp:74 - Password Error!
2019-05-16 18:36:08 INFO  ServerApp:71 - Correct User
2019-05-16 18:36:44 WARN  ServerApp:109 - Connection Error/disconnect
2019-05-16 18:36:44 WARN  ServerApp:109 - Connection Error/disconnect
2019-05-16 18:37:48 INFO  ServerApp:71 - Correct User
2019-05-16 18:37:53 WARN  ServerApp:109 - Connection Error/disconnect
2019-05-16 18:37:53 WARN  ServerApp:109 - Connection Error/disconnect
2019-05-16 19:01:17 INFO  ServerApp:60 - Correct User
2019-05-16 19:01:53 WARN  ServerApp:98 - Connection Error/disconnect
2019-05-16 19:01:53 WARN  ServerApp:98 - Connection Error/disconnect
2019-05-16 19:16:36 INFO  ServerApp:60 - Correct User
2019-05-16 19:19:14 WARN  ServerApp:98 - Connection Error/disconnect
2019-05-16 19:19:14 WARN  ServerApp:98 - Connection Error/disconnect
2019-05-16 19:19:38 INFO  ServerApp:60 - Correct User
2019-05-16 19:20:25 WARN  ServerApp:98 - Connection Error/disconnect
2019-05-16 19:20:25 WARN  ServerApp:98 - Connection Error/disconnect
2019-05-16 19:21:14 INFO  ServerApp:60 - Correct User
2019-05-16 19:21:26 WARN  ServerApp:98 - Connection Error/disconnect
2019-05-16 19:21:26 WARN  ServerApp:98 - Connection Error/disconnect
2019-05-16 19:26:18 INFO  ServerApp:60 - Correct User
2019-05-16 19:26:53 WARN  ServerApp:98 - Connection Error/disconnect
2019-05-16 19:26:53 WARN  ServerApp:98 - Connection Error/disconnect
2019-05-16 19:29:29 INFO  ServerApp:60 - Correct User
2019-05-16 19:29:42 WARN  ServerApp:98 - Connection Error/disconnect
2019-05-16 19:29:42 WARN  ServerApp:98 - Connection Error/disconnect
2019-05-16 19:30:23 INFO  ServerApp:60 - Correct User
2019-05-16 19:30:34 WARN  ServerApp:98 - Connection Error/disconnect
2019-05-16 19:30:34 WARN  ServerApp:98 - Connection Error/disconnect
2019-05-16 19:35:34 INFO  ServerApp:60 - Correct User
2019-05-16 19:37:41 WARN  ServerApp:98 - Connection Error/disconnect
2019-05-16 19:37:41 WARN  ServerApp:98 - Connection Error/disconnect
2019-05-16 19:38:13 INFO  ServerApp:60 - Correct User
2019-05-16 19:38:32 WARN  ServerApp:98 - Connection Error/disconnect
2019-05-16 19:38:32 WARN  ServerApp:98 - Connection Error/disconnect
2019-05-16 19:40:08 INFO  ServerApp:60 - Correct User
2019-05-16 19:40:26 WARN  ServerApp:98 - Connection Error/disconnect
2019-05-16 19:40:26 WARN  ServerApp:98 - Connection Error/disconnect
2019-05-16 20:15:14 INFO  ServerApp:60 - Correct User
2019-05-16 20:15:38 WARN  ServerApp:98 - Connection Error/disconnect
2019-05-16 20:15:38 WARN  ServerApp:98 - Connection Error/disconnect
2019-05-16 20:38:16 INFO  ServerApp:60 - Correct User
2019-05-16 20:38:31 WARN  ServerApp:98 - Connection Error/disconnect
2019-05-16 20:38:31 WARN  ServerApp:98 - Connection Error/disconnect
2019-05-16 20:39:38 INFO  ServerApp:60 - Correct User
2019-05-16 20:40:09 WARN  ServerApp:98 - Connection Error/disconnect
2019-05-16 20:40:09 WARN  ServerApp:98 - Connection Error/disconnect
2019-05-16 20:40:30 INFO  ServerApp:60 - Correct User
2019-05-16 20:40:37 WARN  ServerApp:98 - Connection Error/disconnect
2019-05-16 20:40:37 WARN  ServerApp:98 - Connection Error/disconnect
2019-05-16 20:41:21 INFO  ServerApp:60 - Correct User
2019-05-16 20:41:57 WARN  ServerApp:98 - Connection Error/disconnect
2019-05-16 20:41:57 WARN  ServerApp:98 - Connection Error/disconnect
2019-05-16 20:42:37 INFO  ServerApp:60 - Correct User
2019-05-16 20:43:05 WARN  ServerApp:98 - Connection Error/disconnect
2019-05-16 20:43:05 WARN  ServerApp:98 - Connection Error/disconnect
2019-05-16 20:44:05 INFO  ServerApp:60 - Correct User
2019-05-16 20:44:12 WARN  ServerApp:98 - Connection Error/disconnect
2019-05-16 20:44:12 WARN  ServerApp:98 - Connection Error/disconnect
2019-05-16 20:44:42 INFO  ServerApp:60 - Correct User
2019-05-16 20:45:20 WARN  ServerApp:98 - Connection Error/disconnect
2019-05-16 20:45:20 WARN  ServerApp:98 - Connection Error/disconnect
2019-05-16 20:48:00 INFO  ServerApp:60 - Correct User
2019-05-16 20:48:09 WARN  ServerApp:98 - Connection Error/disconnect
2019-05-16 20:48:09 WARN  ServerApp:98 - Connection Error/disconnect
2019-05-16 20:48:50 INFO  ServerApp:60 - Correct User
2019-05-16 20:48:56 WARN  ServerApp:98 - Connection Error/disconnect
2019-05-16 20:48:56 WARN  ServerApp:98 - Connection Error/disconnect
2019-05-16 20:51:17 INFO  ServerApp:60 - Correct User
2019-05-16 20:51:32 WARN  ServerApp:98 - Connection Error/disconnect
2019-05-16 20:51:32 WARN  ServerApp:98 - Connection Error/disconnect
2019-05-16 20:52:24 INFO  ServerApp:60 - Correct User
2019-05-16 20:53:13 WARN  ServerApp:98 - Connection Error/disconnect
2019-05-16 20:53:13 WARN  ServerApp:98 - Connection Error/disconnect
2019-05-16 20:53:23 INFO  ServerApp:60 - Correct User
2019-05-16 20:53:56 WARN  ServerApp:98 - Connection Error/disconnect
2019-05-16 20:53:56 WARN  ServerApp:98 - Connection Error/disconnect
2019-05-16 21:02:41 INFO  ServerApp:60 - Correct User
2019-05-16 21:02:47 WARN  ServerApp:98 - Connection Error/disconnect
2019-05-16 21:02:47 WARN  ServerApp:98 - Connection Error/disconnect
2019-05-16 21:03:16 INFO  ServerApp:60 - Correct User
2019-05-16 21:03:34 WARN  ServerApp:98 - Connection Error/disconnect
2019-05-16 21:03:34 WARN  ServerApp:98 - Connection Error/disconnect
2019-05-16 21:50:45 INFO  ServerApp:56 - Correct User
2019-05-16 21:55:31 WARN  ServerApp:94 - Connection Error/disconnect
2019-05-16 21:55:31 WARN  ServerApp:94 - Connection Error/disconnect
2019-05-16 21:56:00 INFO  ServerApp:56 - Correct User
2019-05-16 21:56:53 WARN  ServerApp:94 - Connection Error/disconnect
2019-05-16 21:57:43 INFO  ServerApp:56 - Correct User
2019-05-16 21:58:08 WARN  ServerApp:94 - Connection Error/disconnect
2019-05-16 21:58:24 WARN  ServerApp:94 - Connection Error/disconnect
2019-05-16 21:59:55 INFO  ServerApp:56 - Correct User
2019-05-16 22:00:17 WARN  ServerApp:94 - Connection Error/disconnect
2019-05-16 22:00:17 WARN  ServerApp:94 - Connection Error/disconnect
2019-05-16 22:08:11 INFO  ServerApp:56 - Correct User
2019-05-16 22:08:34 WARN  ServerApp:94 - Connection Error/disconnect
2019-05-16 22:08:34 WARN  ServerApp:94 - Connection Error/disconnect
2019-05-16 22:10:06 INFO  ServerApp:56 - Correct User
2019-05-16 22:10:20 WARN  ServerApp:94 - Connection Error/disconnect
2019-05-16 22:10:20 WARN  ServerApp:94 - Connection Error/disconnect
2019-05-16 22:11:50 INFO  ServerApp:56 - Correct User
2019-05-16 22:12:08 WARN  ServerApp:94 - Connection Error/disconnect
2019-05-16 22:12:08 WARN  ServerApp:94 - Connection Error/disconnect
2019-05-16 22:15:31 INFO  ServerApp:56 - Correct User
2019-05-16 22:15:41 WARN  ServerApp:94 - Connection Error/disconnect
2019-05-16 22:15:41 WARN  ServerApp:94 - Connection Error/disconnect
2019-05-16 22:18:23 INFO  ServerApp:56 - Correct User
2019-05-16 22:18:53 WARN  ServerApp:94 - Connection Error/disconnect
2019-05-16 22:18:53 WARN  ServerApp:94 - Connection Error/disconnect
2019-05-16 22:19:36 INFO  ServerApp:56 - Correct User
2019-05-16 22:20:05 WARN  ServerApp:94 - Connection Error/disconnect
2019-05-16 22:20:05 WARN  ServerApp:94 - Connection Error/disconnect
2019-05-16 22:20:48 INFO  ServerApp:56 - Correct User
2019-05-16 22:21:15 WARN  ServerApp:94 - Connection Error/disconnect
2019-05-16 22:21:15 WARN  ServerApp:94 - Connection Error/disconnect
2019-05-16 22:22:27 INFO  ServerApp:56 - Correct User
2019-05-16 22:25:21 WARN  ServerApp:94 - Connection Error/disconnect
2019-05-16 22:25:21 WARN  ServerApp:94 - Connection Error/disconnect
2019-05-16 22:27:53 INFO  ServerApp:56 - Correct User
2019-05-16 22:39:56 WARN  ServerApp:94 - Connection Error/disconnect
2019-05-16 22:39:56 WARN  ServerApp:94 - Connection Error/disconnect
2019-05-16 22:42:43 INFO  ServerApp:56 - Correct User
2019-05-16 22:43:22 WARN  ServerApp:94 - Connection Error/disconnect
2019-05-16 22:43:22 WARN  ServerApp:94 - Connection Error/disconnect
2019-05-16 22:47:16 INFO  ServerApp:56 - Correct User
2019-05-16 22:47:44 WARN  ServerApp:94 - Connection Error/disconnect
2019-05-16 22:47:44 WARN  ServerApp:94 - Connection Error/disconnect
2019-05-16 22:50:55 INFO  ServerApp:56 - Correct User
2019-05-16 22:51:15 WARN  ServerApp:94 - Connection Error/disconnect
2019-05-16 22:51:15 WARN  ServerApp:94 - Connection Error/disconnect
2019-05-16 22:59:59 INFO  ServerApp:56 - Correct User
2019-05-16 23:01:22 WARN  ServerApp:94 - Connection Error/disconnect
2019-05-16 23:01:22 WARN  ServerApp:94 - Connection Error/disconnect
2019-05-16 23:03:01 INFO  ServerApp:56 - Correct User
2019-05-16 23:09:13 WARN  ServerApp:94 - Connection Error/disconnect
2019-05-16 23:09:13 WARN  ServerApp:94 - Connection Error/disconnect
2019-05-16 23:09:25 INFO  ServerApp:56 - Correct User
2019-05-16 23:09:49 WARN  ServerApp:94 - Connection Error/disconnect
2019-05-16 23:09:49 WARN  ServerApp:94 - Connection Error/disconnect
2019-05-16 23:10:28 INFO  ServerApp:56 - Correct User
2019-05-16 23:12:08 WARN  ServerApp:94 - Connection Error/disconnect
2019-05-16 23:12:08 WARN  ServerApp:94 - Connection Error/disconnect
2019-05-16 23:12:32 INFO  ServerApp:56 - Correct User
2019-05-16 23:13:41 WARN  ServerApp:94 - Connection Error/disconnect
2019-05-16 23:13:41 WARN  ServerApp:94 - Connection Error/disconnect
2019-05-16 23:13:53 INFO  ServerApp:56 - Correct User
2019-05-16 23:14:35 WARN  ServerApp:94 - Connection Error/disconnect
2019-05-16 23:14:35 WARN  ServerApp:94 - Connection Error/disconnect
2019-05-16 23:14:48 INFO  ServerApp:56 - Correct User
2019-05-16 23:15:52 WARN  ServerApp:94 - Connection Error/disconnect
2019-05-16 23:15:52 WARN  ServerApp:94 - Connection Error/disconnect
2019-05-16 23:16:03 INFO  ServerApp:56 - Correct User
2019-05-16 23:17:28 WARN  ServerApp:94 - Connection Error/disconnect
2019-05-16 23:17:28 WARN  ServerApp:94 - Connection Error/disconnect
2019-05-16 23:17:41 INFO  ServerApp:56 - Correct User
2019-05-16 23:17:59 WARN  ServerApp:94 - Connection Error/disconnect
2019-05-16 23:17:59 WARN  ServerApp:94 - Connection Error/disconnect
2019-05-16 23:18:21 INFO  ServerApp:56 - Correct User
2019-05-16 23:18:27 WARN  ServerApp:94 - Connection Error/disconnect
2019-05-16 23:18:27 WARN  ServerApp:94 - Connection Error/disconnect
2019-05-16 23:20:00 INFO  ServerApp:56 - Correct User
2019-05-16 23:20:17 WARN  ServerApp:94 - Connection Error/disconnect
2019-05-16 23:20:17 WARN  ServerApp:94 - Connection Error/disconnect
2019-05-16 23:21:16 INFO  ServerApp:56 - Correct User
2019-05-16 23:21:22 WARN  ServerApp:94 - Connection Error/disconnect
2019-05-16 23:21:22 WARN  ServerApp:94 - Connection Error/disconnect
2019-05-16 23:23:37 INFO  ServerApp:56 - Correct User
2019-05-16 23:28:16 WARN  ServerApp:94 - Connection Error/disconnect
2019-05-16 23:28:16 WARN  ServerApp:94 - Connection Error/disconnect
2019-05-16 23:28:38 INFO  ServerApp:56 - Correct User
2019-05-16 23:41:31 WARN  ServerApp:94 - Connection Error/disconnect
2019-05-16 23:41:31 WARN  ServerApp:94 - Connection Error/disconnect
2019-05-16 23:41:48 INFO  ServerApp:56 - Correct User
2019-05-16 23:43:49 WARN  ServerApp:94 - Connection Error/disconnect
2019-05-16 23:43:49 WARN  ServerApp:94 - Connection Error/disconnect
2019-05-16 23:44:05 INFO  ServerApp:56 - Correct User
2019-05-16 23:44:13 WARN  ServerApp:94 - Connection Error/disconnect
2019-05-16 23:44:13 WARN  ServerApp:94 - Connection Error/disconnect
2019-05-16 23:45:59 INFO  ServerApp:56 - Correct User
2019-05-16 23:46:23 WARN  ServerApp:94 - Connection Error/disconnect
2019-05-16 23:46:23 WARN  ServerApp:94 - Connection Error/disconnect
2019-05-16 23:47:49 INFO  ServerApp:56 - Correct User
2019-05-16 23:48:18 WARN  ServerApp:94 - Connection Error/disconnect
2019-05-16 23:48:18 WARN  ServerApp:94 - Connection Error/disconnect
2019-05-16 23:53:07 INFO  ServerApp:56 - Correct User
2019-05-16 23:57:04 WARN  ServerApp:94 - Connection Error/disconnect
2019-05-16 23:57:04 WARN  ServerApp:94 - Connection Error/disconnect
2019-05-17 16:48:35 INFO  ServerApp:56 - Correct User
2019-05-17 16:50:27 WARN  ServerApp:94 - Connection Error/disconnect
2019-05-17 16:50:27 WARN  ServerApp:94 - Connection Error/disconnect
2019-05-17 16:50:41 INFO  ServerApp:56 - Correct User
2019-05-17 17:16:29 WARN  ServerApp:94 - Connection Error/disconnect
2019-05-17 17:16:29 WARN  ServerApp:94 - Connection Error/disconnect
2019-05-17 17:17:04 INFO  ServerApp:56 - Correct User
2019-05-17 17:23:08 WARN  ServerApp:94 - Connection Error/disconnect
2019-05-17 17:23:08 WARN  ServerApp:94 - Connection Error/disconnect
2019-05-17 17:23:23 INFO  ServerApp:56 - Correct User
2019-05-17 17:27:29 WARN  ServerApp:94 - Connection Error/disconnect
2019-05-17 17:27:29 WARN  ServerApp:94 - Connection Error/disconnect
2019-05-17 17:27:42 INFO  ServerApp:56 - Correct User
2019-05-17 17:33:24 WARN  ServerApp:94 - Connection Error/disconnect
2019-05-17 17:33:24 WARN  ServerApp:94 - Connection Error/disconnect
2019-05-17 17:33:37 INFO  ServerApp:56 - Correct User
2019-05-17 17:33:46 WARN  ServerApp:94 - Connection Error/disconnect
2019-05-17 17:33:46 WARN  ServerApp:94 - Connection Error/disconnect
2019-05-17 17:34:23 INFO  ServerApp:56 - Correct User
2019-05-17 17:34:56 WARN  ServerApp:94 - Connection Error/disconnect
2019-05-17 17:34:56 WARN  ServerApp:94 - Connection Error/disconnect
2019-05-17 17:35:09 INFO  ServerApp:56 - Correct User
2019-05-17 17:40:14 WARN  ServerApp:94 - Connection Error/disconnect
2019-05-17 17:40:14 WARN  ServerApp:94 - Connection Error/disconnect
2019-05-17 17:40:29 INFO  ServerApp:56 - Correct User
2019-05-17 17:44:57 WARN  ServerApp:94 - Connection Error/disconnect
2019-05-17 17:44:57 WARN  ServerApp:94 - Connection Error/disconnect
2019-05-17 17:45:11 INFO  ServerApp:56 - Correct User
2019-05-17 17:46:09 WARN  ServerApp:94 - Connection Error/disconnect
2019-05-17 17:46:09 WARN  ServerApp:94 - Connection Error/disconnect
2019-05-18 21:09:02 INFO  ServerApp:56 - Correct User
2019-05-18 21:11:24 WARN  ServerApp:94 - Connection Error/disconnect
2019-05-18 21:11:24 WARN  ServerApp:94 - Connection Error/disconnect
2019-05-18 21:12:04 INFO  ServerApp:56 - Correct User
2019-05-18 21:17:45 WARN  ServerApp:94 - Connection Error/disconnect
2019-05-18 21:17:45 WARN  ServerApp:94 - Connection Error/disconnect
2019-05-18 21:18:01 INFO  ServerApp:56 - Correct User
2019-05-18 21:20:08 WARN  ServerApp:94 - Connection Error/disconnect
2019-05-18 21:20:08 WARN  ServerApp:94 - Connection Error/disconnect
2019-05-18 21:20:27 INFO  ServerApp:56 - Correct User
2019-05-18 21:24:55 WARN  ServerApp:94 - Connection Error/disconnect
2019-05-18 21:24:55 WARN  ServerApp:94 - Connection Error/disconnect
2019-05-18 21:25:10 WARN  ServerApp:94 - Connection Error/disconnect
2019-05-18 21:26:01 INFO  ServerApp:56 - Correct User
2019-05-18 21:26:39 WARN  ServerApp:94 - Connection Error/disconnect
2019-05-18 21:27:27 WARN  ServerApp:94 - Connection Error/disconnect
2019-05-18 21:27:41 INFO  ServerApp:56 - Correct User
2019-05-18 21:28:30 WARN  ServerApp:94 - Connection Error/disconnect
2019-05-18 21:29:45 WARN  ServerApp:94 - Connection Error/disconnect
2019-05-18 21:30:05 INFO  ServerApp:56 - Correct User
2019-05-18 21:42:23 WARN  ServerApp:94 - Connection Error/disconnect
2019-05-18 21:42:23 WARN  ServerApp:94 - Connection Error/disconnect
2019-05-18 22:10:16 INFO  ServerApp:56 - Correct User
2019-05-18 22:32:25 WARN  ServerApp:94 - Connection Error/disconnect
2019-05-18 22:32:25 WARN  ServerApp:94 - Connection Error/disconnect
2019-05-18 22:32:47 INFO  ServerApp:56 - Correct User
2019-05-18 22:35:39 WARN  ServerApp:94 - Connection Error/disconnect
2019-05-18 22:35:39 WARN  ServerApp:94 - Connection Error/disconnect
2019-05-18 22:36:05 INFO  ServerApp:56 - Correct User
2019-05-18 22:40:26 WARN  ServerApp:94 - Connection Error/disconnect
2019-05-18 22:40:26 WARN  ServerApp:94 - Connection Error/disconnect
2019-05-18 22:40:45 INFO  ServerApp:56 - Correct User
2019-05-18 23:03:22 WARN  ServerApp:94 - Connection Error/disconnect
2019-05-18 23:03:22 WARN  ServerApp:94 - Connection Error/disconnect
2019-05-18 23:03:40 INFO  ServerApp:56 - Correct User
2019-05-18 23:04:20 WARN  ServerApp:94 - Connection Error/disconnect
2019-05-18 23:04:20 WARN  ServerApp:94 - Connection Error/disconnect
2019-05-18 23:04:52 INFO  ServerApp:56 - Correct User
2019-05-18 23:05:12 WARN  ServerApp:94 - Connection Error/disconnect
2019-05-18 23:05:12 WARN  ServerApp:94 - Connection Error/disconnect
2019-05-18 23:06:25 INFO  ServerApp:56 - Correct User
2019-05-18 23:08:42 WARN  ServerApp:94 - Connection Error/disconnect
2019-05-18 23:08:42 WARN  ServerApp:94 - Connection Error/disconnect
2019-05-18 23:08:57 INFO  ServerApp:56 - Correct User
2019-05-18 23:09:27 WARN  ServerApp:94 - Connection Error/disconnect
2019-05-18 23:09:27 WARN  ServerApp:94 - Connection Error/disconnect
2019-05-18 23:10:10 INFO  ServerApp:56 - Correct User
2019-05-18 23:12:05 WARN  ServerApp:94 - Connection Error/disconnect
2019-05-18 23:12:05 WARN  ServerApp:94 - Connection Error/disconnect
2019-05-18 23:12:22 INFO  ServerApp:56 - Correct User
2019-05-18 23:13:06 WARN  ServerApp:94 - Connection Error/disconnect
2019-05-18 23:13:06 WARN  ServerApp:94 - Connection Error/disconnect
2019-05-18 23:13:51 INFO  ServerApp:56 - Correct User
2019-05-18 23:17:25 WARN  ServerApp:94 - Connection Error/disconnect
2019-05-18 23:17:25 WARN  ServerApp:94 - Connection Error/disconnect
2019-05-18 23:17:41 INFO  ServerApp:56 - Correct User
2019-05-18 23:19:07 WARN  ServerApp:94 - Connection Error/disconnect
2019-05-18 23:19:07 WARN  ServerApp:94 - Connection Error/disconnect
2019-05-18 23:21:26 INFO  ServerApp:56 - Correct User
2019-05-18 23:32:10 WARN  ServerApp:94 - Connection Error/disconnect
2019-05-18 23:32:10 WARN  ServerApp:94 - Connection Error/disconnect
2019-05-18 23:35:59 INFO  ServerApp:56 - Correct User
2019-05-18 23:36:39 WARN  ServerApp:94 - Connection Error/disconnect
2019-05-18 23:36:39 WARN  ServerApp:94 - Connection Error/disconnect
2019-05-19 21:05:52 INFO  ServerApp:56 - Correct User
2019-05-19 21:09:07 WARN  ServerApp:98 - Connection Error/disconnect
2019-05-19 21:09:07 WARN  ServerApp:98 - Connection Error/disconnect
2019-05-19 21:09:47 INFO  ServerApp:56 - Correct User
2019-05-19 21:10:11 WARN  ServerApp:98 - Connection Error/disconnect
2019-05-19 21:13:18 WARN  ServerApp:98 - Connection Error/disconnect
2019-05-19 21:13:45 INFO  ServerApp:56 - Correct User
2019-05-19 21:14:24 WARN  ServerApp:99 - Connection Error/disconnect
2019-05-19 21:19:39 WARN  ServerApp:99 - Connection Error/disconnect
2019-05-19 21:20:39 INFO  ServerApp:56 - Correct User
2019-05-19 21:21:10 WARN  ServerApp:99 - Connection Error/disconnect
2019-05-19 21:22:49 WARN  ServerApp:99 - Connection Error/disconnect
2019-05-19 21:23:24 INFO  ServerApp:56 - Correct User
2019-05-19 21:23:45 WARN  ServerApp:99 - Connection Error/disconnect
2019-05-19 21:27:44 WARN  ServerApp:99 - Connection Error/disconnect
2019-05-19 21:28:01 INFO  ServerApp:56 - Correct User
2019-05-19 21:28:21 WARN  ServerApp:99 - Connection Error/disconnect
2019-05-19 21:29:06 WARN  ServerApp:99 - Connection Error/disconnect
2019-05-19 21:32:09 WARN  ServerApp:99 - Connection Error/disconnect
2019-05-19 21:32:52 INFO  ServerApp:56 - Correct User
2019-05-19 21:33:18 WARN  ServerApp:100 - Connection Error/disconnect
2019-05-19 23:14:02 WARN  ServerApp:100 - Connection Error/disconnect
2019-05-19 23:14:35 INFO  ServerApp:56 - Correct User
2019-05-19 23:17:13 WARN  ServerApp:100 - Connection Error/disconnect
2019-05-19 23:17:13 WARN  ServerApp:100 - Connection Error/disconnect
2019-05-19 23:18:19 INFO  ServerApp:56 - Correct User
2019-05-19 23:19:07 WARN  ServerApp:100 - Connection Error/disconnect
2019-05-19 23:19:07 WARN  ServerApp:100 - Connection Error/disconnect
2019-05-19 23:21:41 INFO  ServerApp:56 - Correct User
2019-05-19 23:24:27 WARN  ServerApp:100 - Connection Error/disconnect
2019-05-19 23:24:27 WARN  ServerApp:100 - Connection Error/disconnect
2019-05-19 23:24:49 INFO  ServerApp:56 - Correct User
2019-05-19 23:25:14 WARN  ServerApp:100 - Connection Error/disconnect
2019-05-19 23:31:57 WARN  ServerApp:100 - Connection Error/disconnect
2019-05-19 23:32:23 INFO  ServerApp:56 - Correct User
2019-05-19 23:34:18 WARN  ServerApp:100 - Connection Error/disconnect
2019-05-19 23:34:27 WARN  ServerApp:100 - Connection Error/disconnect
2019-05-19 23:41:11 INFO  ServerApp:56 - Correct User
2019-05-19 23:43:20 WARN  ServerApp:100 - Connection Error/disconnect
2019-05-19 23:43:58 WARN  ServerApp:100 - Connection Error/disconnect
2019-05-20 00:00:49 INFO  ServerApp:56 - Correct User
2019-05-20 00:01:04 WARN  ServerApp:100 - Connection Error/disconnect
2019-05-20 00:01:04 WARN  ServerApp:100 - Connection Error/disconnect
2019-05-20 00:01:38 INFO  ServerApp:56 - Correct User
2019-05-20 00:01:45 WARN  ServerApp:100 - Connection Error/disconnect
2019-05-20 00:01:45 WARN  ServerApp:100 - Connection Error/disconnect
2019-05-20 20:28:38 INFO  ServerApp:56 - Correct User
2019-05-20 20:44:09 WARN  ServerApp:100 - Connection Error/disconnect
2019-05-20 20:44:10 WARN  ServerApp:100 - Connection Error/disconnect
2019-05-20 20:48:22 INFO  ServerApp:56 - Correct User
2019-05-20 20:56:58 WARN  ServerApp:100 - Connection Error/disconnect
2019-05-20 20:57:39 INFO  ServerApp:57 - Correct User
2019-05-20 21:01:25 WARN  ServerApp:101 - Connection Error/disconnect
2019-05-20 21:01:38 INFO  ServerApp:57 - Correct User
2019-05-20 21:09:57 WARN  ServerApp:101 - Connection Error/disconnect
2019-05-20 21:09:57 WARN  ServerApp:101 - Connection Error/disconnect
2019-05-20 21:29:41 INFO  ServerApp:57 - Correct User
2019-05-20 21:29:59 WARN  ServerApp:101 - Connection Error/disconnect
2019-05-20 21:29:59 WARN  ServerApp:101 - Connection Error/disconnect
2019-05-20 21:33:42 WARN  ServerApp:101 - Connection Error/disconnect
2019-05-20 21:34:28 INFO  ServerApp:57 - Correct User
2019-05-20 21:39:26 WARN  ServerApp:101 - Connection Error/disconnect
2019-05-20 21:39:26 WARN  ServerApp:101 - Connection Error/disconnect
2019-05-20 21:39:59 INFO  ServerApp:56 - Correct User
2019-05-20 21:40:21 WARN  ServerApp:102 - Connection Error/disconnect
2019-05-20 21:40:21 WARN  ServerApp:102 - Connection Error/disconnect
2019-05-20 21:40:37 INFO  ServerApp:56 - Correct User
2019-05-20 21:40:43 WARN  ServerApp:102 - Connection Error/disconnect
2019-05-20 21:40:43 WARN  ServerApp:102 - Connection Error/disconnect
2019-05-20 21:42:10 INFO  ServerApp:56 - Correct User
2019-05-20 21:43:25 WARN  ServerApp:102 - Connection Error/disconnect
2019-05-20 21:43:25 WARN  ServerApp:102 - Connection Error/disconnect
2019-05-20 21:45:50 INFO  ServerApp:56 - Correct User
2019-05-20 21:46:26 INFO  ServerApp:59 - Password Error!
2019-05-20 21:46:35 INFO  ServerApp:56 - Correct User
2019-05-20 21:56:07 WARN  ServerApp:100 - Connection Error/disconnect
2019-05-20 21:56:07 WARN  ServerApp:100 - Connection Error/disconnect
2019-05-20 21:56:10 WARN  ServerApp:100 - Connection Error/disconnect
2019-05-20 21:56:10 WARN  ServerApp:100 - Connection Error/disconnect
2019-05-20 21:56:32 INFO  ServerApp:56 - Correct User
2019-05-20 21:56:47 WARN  ServerApp:100 - Connection Error/disconnect
2019-05-20 21:56:47 WARN  ServerApp:100 - Connection Error/disconnect
2019-05-20 21:57:26 INFO  ServerApp:56 - Correct User
2019-05-20 21:57:51 WARN  ServerApp:100 - Connection Error/disconnect
2019-05-20 21:57:51 WARN  ServerApp:100 - Connection Error/disconnect
2019-05-20 21:58:10 INFO  ServerApp:56 - Correct User
2019-05-20 21:58:18 WARN  ServerApp:100 - Connection Error/disconnect
2019-05-20 21:58:18 WARN  ServerApp:100 - Connection Error/disconnect
2019-05-20 21:58:42 INFO  ServerApp:56 - Correct User
2019-05-20 21:58:59 WARN  ServerApp:100 - Connection Error/disconnect
2019-05-20 21:58:59 WARN  ServerApp:100 - Connection Error/disconnect
2019-05-20 22:01:04 INFO  ServerApp:56 - Correct User
2019-05-20 22:03:21 WARN  ServerApp:100 - Connection Error/disconnect
2019-05-20 22:03:21 WARN  ServerApp:100 - Connection Error/disconnect
2019-05-20 22:03:44 INFO  ServerApp:56 - Correct User
2019-05-20 22:24:49 INFO  ServerApp:56 - Correct User
2019-05-20 22:31:20 INFO  ServerApp:56 - Correct User
2019-05-20 22:35:30 WARN  ServerApp:100 - Connection Error/disconnect
2019-05-20 22:35:55 INFO  ServerApp:56 - Correct User
2019-05-20 22:41:27 WARN  ServerApp:100 - Connection Error/disconnect
2019-05-20 22:41:45 INFO  ServerApp:56 - Correct User
2019-05-20 22:43:14 WARN  ServerApp:100 - Connection Error/disconnect
2019-05-20 22:43:14 WARN  ServerApp:100 - Connection Error/disconnect
2019-05-20 22:43:44 INFO  ServerApp:56 - Correct User
2019-05-20 22:48:21 WARN  ServerApp:100 - Connection Error/disconnect
2019-05-20 22:48:21 WARN  ServerApp:100 - Connection Error/disconnect
2019-05-20 22:48:37 INFO  ServerApp:56 - Correct User
2019-05-20 22:50:07 WARN  ServerApp:100 - Connection Error/disconnect
2019-05-20 22:50:07 WARN  ServerApp:100 - Connection Error/disconnect
2019-05-20 22:50:24 INFO  ServerApp:56 - Correct User
2019-05-20 22:54:00 INFO  ServerApp:56 - Correct User
2019-05-20 22:56:29 WARN  ServerApp:100 - Connection Error/disconnect
2019-05-20 22:57:53 INFO  ServerApp:56 - Correct User
2019-05-20 22:58:26 INFO  ServerApp:56 - Correct User
2019-05-20 22:59:31 WARN  ServerApp:100 - Connection Error/disconnect
2019-05-20 22:59:31 WARN  ServerApp:100 - Connection Error/disconnect
2019-05-20 22:59:43 WARN  ServerApp:100 - Connection Error/disconnect
2019-05-20 22:59:43 WARN  ServerApp:100 - Connection Error/disconnect
2019-05-20 23:06:40 INFO  ServerApp:56 - Correct User
2019-05-20 23:07:16 INFO  ServerApp:56 - Correct User
2019-05-20 23:11:02 WARN  ServerApp:100 - Connection Error/disconnect
2019-05-20 23:11:02 WARN  ServerApp:100 - Connection Error/disconnect
2019-05-20 23:11:05 WARN  ServerApp:100 - Connection Error/disconnect
2019-05-20 23:11:05 WARN  ServerApp:100 - Connection Error/disconnect
2019-05-20 23:11:19 INFO  ServerApp:56 - Correct User
2019-05-20 23:11:42 INFO  ServerApp:56 - Correct User
2019-05-20 23:31:27 WARN  ServerApp:100 - Connection Error/disconnect
2019-05-20 23:31:27 WARN  ServerApp:100 - Connection Error/disconnect
2019-05-20 23:31:31 WARN  ServerApp:100 - Connection Error/disconnect
2019-05-20 23:31:31 WARN  ServerApp:100 - Connection Error/disconnect
2019-05-20 23:32:21 INFO  ServerApp:56 - Correct User
2019-05-20 23:40:53 WARN  ServerApp:100 - Connection Error/disconnect
2019-05-20 23:41:05 INFO  ServerApp:56 - Correct User
2019-05-20 23:41:41 WARN  ServerApp:100 - Connection Error/disconnect
2019-05-21 18:05:10 INFO  ServerApp:56 - Correct User
2019-05-21 18:05:33 WARN  ServerApp:99 - Connection Error/disconnect
2019-05-21 18:05:33 WARN  ServerApp:99 - Connection Error/disconnect
2019-05-21 18:18:13 INFO  ServerApp:56 - Correct User
2019-05-21 18:18:43 WARN  ServerApp:99 - Connection Error/disconnect
2019-05-21 18:18:43 WARN  ServerApp:99 - Connection Error/disconnect
2019-05-21 18:19:14 INFO  ServerApp:56 - Correct User
2019-05-21 18:20:04 WARN  ServerApp:99 - Connection Error/disconnect
2019-05-21 18:20:04 WARN  ServerApp:99 - Connection Error/disconnect
2019-05-21 18:20:20 INFO  ServerApp:56 - Correct User
2019-05-21 18:20:57 WARN  ServerApp:99 - Connection Error/disconnect
2019-05-21 18:20:57 WARN  ServerApp:99 - Connection Error/disconnect
2019-05-21 18:33:06 INFO  ServerApp:56 - Correct User
2019-05-21 18:34:57 WARN  ServerApp:99 - Connection Error/disconnect
2019-05-21 18:35:15 INFO  ServerApp:56 - Correct User
2019-05-21 18:36:49 WARN  ServerApp:99 - Connection Error/disconnect
2019-05-21 18:37:04 INFO  ServerApp:56 - Correct User
2019-05-21 18:40:31 WARN  ServerApp:99 - Connection Error/disconnect
2019-05-21 18:40:45 INFO  ServerApp:56 - Correct User
2019-05-21 18:41:06 WARN  ServerApp:99 - Connection Error/disconnect
2019-05-21 18:41:06 WARN  ServerApp:99 - Connection Error/disconnect
2019-05-21 18:41:58 INFO  ServerApp:56 - Correct User
2019-05-21 18:42:13 WARN  ServerApp:99 - Connection Error/disconnect
2019-05-21 18:42:13 WARN  ServerApp:99 - Connection Error/disconnect
2019-05-21 18:42:49 INFO  ServerApp:56 - Correct User
2019-05-21 18:45:37 INFO  ServerApp:56 - Correct User
2019-05-21 19:07:54 INFO  ServerApp:56 - Correct User
2019-05-21 19:08:43 WARN  ServerApp:99 - Connection Error/disconnect
2019-05-21 19:09:19 INFO  ServerApp:56 - Correct User
2019-05-21 19:12:06 INFO  ServerApp:56 - Correct User
2019-05-21 19:12:38 WARN  ServerApp:99 - Connection Error/disconnect
2019-05-21 19:12:38 WARN  ServerApp:99 - Connection Error/disconnect
2019-05-21 19:13:05 INFO  ServerApp:56 - Correct User
2019-05-21 19:14:33 WARN  ServerApp:99 - Connection Error/disconnect
2019-05-21 19:14:33 WARN  ServerApp:99 - Connection Error/disconnect
2019-05-21 19:14:47 INFO  ServerApp:56 - Correct User
2019-05-21 19:16:52 WARN  ServerApp:99 - Connection Error/disconnect
2019-05-21 19:16:52 WARN  ServerApp:99 - Connection Error/disconnect
2019-05-21 19:17:10 INFO  ServerApp:56 - Correct User
2019-05-21 19:17:21 WARN  ServerApp:99 - Connection Error/disconnect
2019-05-21 19:17:21 WARN  ServerApp:99 - Connection Error/disconnect
2019-05-21 19:18:04 INFO  ServerApp:56 - Correct User
2019-05-21 19:18:20 WARN  ServerApp:99 - Connection Error/disconnect
2019-05-21 19:18:20 WARN  ServerApp:99 - Connection Error/disconnect
2019-05-21 19:19:36 INFO  ServerApp:56 - Correct User
2019-05-21 19:21:20 WARN  ServerApp:99 - Connection Error/disconnect
2019-05-21 19:22:07 INFO  ServerApp:56 - Correct User
2019-05-21 19:22:20 WARN  ServerApp:99 - Connection Error/disconnect
2019-05-21 19:22:20 WARN  ServerApp:99 - Connection Error/disconnect
2019-05-21 19:24:31 INFO  ServerApp:56 - Correct User
2019-05-21 19:33:15 WARN  ServerApp:99 - Connection Error/disconnect
2019-05-21 19:33:15 WARN  ServerApp:99 - Connection Error/disconnect
2019-05-21 19:35:54 INFO  ServerApp:56 - Correct User
2019-05-21 19:38:01 WARN  ServerApp:99 - Connection Error/disconnect
2019-05-21 19:38:01 WARN  ServerApp:99 - Connection Error/disconnect
2019-05-21 19:38:57 INFO  ServerApp:56 - Correct User
2019-05-21 19:39:33 INFO  ServerApp:56 - Correct User
2019-05-21 19:42:21 INFO  ServerApp:56 - Correct User
2019-05-21 20:01:48 WARN  ServerApp:99 - Connection Error/disconnect
2019-05-21 20:01:48 WARN  ServerApp:99 - Connection Error/disconnect
2019-05-21 20:02:23 INFO  ServerApp:56 - Correct User
2019-05-21 20:02:31 WARN  ServerApp:100 - Connection Error/disconnect
2019-05-21 20:04:56 WARN  ServerApp:100 - Connection Error/disconnect
2019-05-21 20:06:09 INFO  ServerApp:56 - Correct User
2019-05-21 20:06:15 WARN  ServerApp:100 - Connection Error/disconnect
2019-05-21 20:10:22 WARN  ServerApp:100 - Connection Error/disconnect
2019-05-21 20:10:45 INFO  ServerApp:56 - Correct User
2019-05-21 20:10:57 WARN  ServerApp:101 - Connection Error/disconnect
2019-05-21 20:12:47 WARN  ServerApp:101 - Connection Error/disconnect
2019-05-21 20:13:10 INFO  ServerApp:54 - Correct User
2019-05-21 20:20:10 WARN  AbstractChannelHandlerContext:294 - An exception 'java.lang.NullPointerException' [enable DEBUG level for full stacktrace] was thrown by a user handler's exceptionCaught() method while handling the following exception:
java.io.IOException: Удаленный хост принудительно разорвал существующее подключение
	at sun.nio.ch.SocketDispatcher.read0(Native Method)
	at sun.nio.ch.SocketDispatcher.read(SocketDispatcher.java:43)
	at sun.nio.ch.IOUtil.readIntoNativeBuffer(IOUtil.java:223)
	at sun.nio.ch.IOUtil.read(IOUtil.java:192)
	at sun.nio.ch.SocketChannelImpl.read(SocketChannelImpl.java:380)
	at io.netty.buffer.PooledUnsafeDirectByteBuf.setBytes(PooledUnsafeDirectByteBuf.java:288)
	at io.netty.buffer.AbstractByteBuf.writeBytes(AbstractByteBuf.java:1108)
	at io.netty.channel.socket.nio.NioSocketChannel.doReadBytes(NioSocketChannel.java:345)
	at io.netty.channel.nio.AbstractNioByteChannel$NioByteUnsafe.read(AbstractNioByteChannel.java:148)
	at io.netty.channel.nio.NioEventLoop.processSelectedKey(NioEventLoop.java:647)
	at io.netty.channel.nio.NioEventLoop.processSelectedKeysOptimized(NioEventLoop.java:582)
	at io.netty.channel.nio.NioEventLoop.processSelectedKeys(NioEventLoop.java:499)
	at io.netty.channel.nio.NioEventLoop.run(NioEventLoop.java:461)
	at io.netty.util.concurrent.SingleThreadEventExecutor$5.run(SingleThreadEventExecutor.java:884)
	at io.netty.util.concurrent.FastThreadLocalRunnable.run(FastThreadLocalRunnable.java:30)
	at java.lang.Thread.run(Thread.java:748)
2019-05-21 20:22:59 INFO  ServerApp:54 - Correct User
2019-05-21 20:23:07 WARN  ServerApp:97 - Connection Error/disconnect
2019-05-21 20:23:55 INFO  ServerApp:54 - Correct User
2019-05-21 20:24:20 WARN  ServerApp:97 - Connection Error/disconnect
2019-05-21 20:24:20 WARN  ServerApp:97 - Connection Error/disconnect
2019-05-21 20:24:39 INFO  ServerApp:54 - Correct User
2019-05-21 20:28:53 WARN  ServerApp:97 - Connection Error/disconnect
2019-05-21 20:28:53 WARN  ServerApp:97 - Connection Error/disconnect
2019-05-21 20:29:05 INFO  ServerApp:54 - Correct User
2019-05-21 20:29:21 WARN  ServerApp:97 - Connection Error/disconnect
2019-05-21 20:29:21 WARN  ServerApp:97 - Connection Error/disconnect
2019-05-21 20:29:54 INFO  ServerApp:54 - Correct User
2019-05-21 20:30:10 WARN  ServerApp:97 - Connection Error/disconnect
2019-05-21 20:30:10 WARN  ServerApp:97 - Connection Error/disconnect
2019-05-21 20:30:49 INFO  ServerApp:54 - Correct User
2019-05-21 20:31:01 WARN  ServerApp:97 - Connection Error/disconnect
2019-05-21 20:31:01 WARN  ServerApp:97 - Connection Error/disconnect
2019-05-21 20:31:26 INFO  ServerApp:54 - Correct User
2019-05-21 20:31:43 WARN  ServerApp:97 - Connection Error/disconnect
2019-05-21 20:31:43 WARN  ServerApp:97 - Connection Error/disconnect
2019-05-21 20:33:39 INFO  ServerApp:54 - Correct User
2019-05-21 20:34:03 WARN  ServerApp:97 - Connection Error/disconnect
2019-05-21 20:34:03 WARN  ServerApp:97 - Connection Error/disconnect
2019-05-21 20:34:32 INFO  ServerApp:54 - Correct User
2019-05-21 20:34:50 WARN  ServerApp:97 - Connection Error/disconnect
2019-05-21 20:34:50 WARN  ServerApp:97 - Connection Error/disconnect
2019-05-21 20:35:17 INFO  ServerApp:54 - Correct User
2019-05-21 20:35:25 WARN  ServerApp:97 - Connection Error/disconnect
2019-05-21 20:35:25 WARN  ServerApp:97 - Connection Error/disconnect
2019-05-21 20:35:47 INFO  ServerApp:54 - Correct User
2019-05-21 20:35:59 WARN  ServerApp:97 - Connection Error/disconnect
2019-05-21 20:35:59 WARN  ServerApp:97 - Connection Error/disconnect
2019-05-21 20:36:15 INFO  ServerApp:54 - Correct User
2019-05-21 20:38:33 INFO  ServerApp:54 - Correct User
2019-05-21 20:40:20 WARN  ServerApp:97 - Connection Error/disconnect
2019-05-21 20:40:20 WARN  ServerApp:97 - Connection Error/disconnect
2019-05-21 20:40:37 INFO  ServerApp:54 - Correct User
2019-05-21 20:40:49 WARN  ServerApp:97 - Connection Error/disconnect
2019-05-21 20:40:49 WARN  ServerApp:97 - Connection Error/disconnect
2019-05-21 20:41:55 INFO  ServerApp:54 - Correct User
2019-05-21 20:43:11 WARN  ServerApp:97 - Connection Error/disconnect
2019-05-21 20:43:11 WARN  ServerApp:97 - Connection Error/disconnect
2019-05-21 20:43:23 INFO  ServerApp:54 - Correct User
2019-05-21 20:43:32 WARN  ServerApp:97 - Connection Error/disconnect
2019-05-21 20:43:32 WARN  ServerApp:97 - Connection Error/disconnect
2019-05-21 20:44:36 INFO  ServerApp:54 - Correct User
2019-05-21 20:44:59 WARN  ServerApp:97 - Connection Error/disconnect
2019-05-21 20:44:59 WARN  ServerApp:97 - Connection Error/disconnect
2019-05-21 20:59:18 INFO  ServerApp:54 - Correct User
2019-05-21 21:00:05 WARN  ServerApp:97 - Connection Error/disconnect
2019-05-21 21:07:49 INFO  ServerApp:54 - Correct User
2019-05-21 21:08:03 WARN  ServerApp:97 - Connection Error/disconnect
2019-05-21 21:08:03 WARN  ServerApp:97 - Connection Error/disconnect
2019-05-21 21:10:44 INFO  ServerApp:54 - Correct User
2019-05-21 21:11:23 WARN  ServerApp:97 - Connection Error/disconnect
2019-05-21 21:11:23 WARN  ServerApp:97 - Connection Error/disconnect
2019-05-21 21:12:36 INFO  ServerApp:54 - Correct User
2019-05-21 21:14:59 WARN  ServerApp:97 - Connection Error/disconnect
2019-05-21 21:14:59 WARN  ServerApp:97 - Connection Error/disconnect
2019-05-21 21:15:16 INFO  ServerApp:54 - Correct User
2019-05-21 21:19:09 WARN  ServerApp:97 - Connection Error/disconnect
2019-05-21 21:19:09 WARN  ServerApp:97 - Connection Error/disconnect
2019-05-21 21:19:32 INFO  ServerApp:54 - Correct User
2019-05-21 21:21:59 WARN  ServerApp:97 - Connection Error/disconnect
2019-05-21 21:22:33 INFO  ServerApp:54 - Correct User
2019-05-21 21:22:38 WARN  ServerApp:97 - Connection Error/disconnect
2019-05-21 21:22:38 WARN  ServerApp:97 - Connection Error/disconnect
2019-05-21 21:28:41 INFO  ServerApp:54 - Correct User
2019-05-21 21:29:07 WARN  ServerApp:97 - Connection Error/disconnect
2019-05-21 21:29:07 WARN  ServerApp:97 - Connection Error/disconnect
2019-05-21 21:31:39 INFO  ServerApp:54 - Correct User
2019-05-21 21:31:46 WARN  ServerApp:97 - Connection Error/disconnect
2019-05-21 21:31:46 WARN  ServerApp:97 - Connection Error/disconnect
2019-05-21 21:32:41 INFO  ServerApp:54 - Correct User
2019-05-21 21:33:55 WARN  ServerApp:97 - Connection Error/disconnect
2019-05-21 21:33:55 WARN  ServerApp:97 - Connection Error/disconnect
2019-05-21 21:34:11 INFO  ServerApp:54 - Correct User
2019-05-21 21:36:24 WARN  ServerApp:97 - Connection Error/disconnect
2019-05-21 21:36:24 WARN  ServerApp:97 - Connection Error/disconnect
2019-05-21 21:39:08 INFO  ServerApp:54 - Correct User
2019-05-21 21:39:24 WARN  ServerApp:97 - Connection Error/disconnect
2019-05-21 21:39:24 WARN  ServerApp:97 - Connection Error/disconnect
2019-05-21 21:47:30 INFO  ServerApp:54 - Correct User
2019-05-21 21:48:32 WARN  ServerApp:97 - Connection Error/disconnect
2019-05-21 21:48:32 WARN  ServerApp:97 - Connection Error/disconnect
2019-05-21 21:48:58 INFO  ServerApp:54 - Correct User
2019-05-21 21:49:20 WARN  ServerApp:97 - Connection Error/disconnect
2019-05-21 21:49:20 WARN  ServerApp:97 - Connection Error/disconnect
2019-05-21 21:50:20 INFO  ServerApp:54 - Correct User
2019-05-21 21:51:31 WARN  ServerApp:97 - Connection Error/disconnect
2019-05-21 21:51:31 WARN  ServerApp:97 - Connection Error/disconnect
2019-05-22 20:16:40 INFO  ServerApp:54 - Correct User
2019-05-22 20:34:12 INFO  ServerApp:54 - Correct User
2019-05-22 20:37:34 WARN  ServerApp:96 - Connection Error/disconnect
2019-05-22 20:38:11 INFO  ServerApp:54 - Correct User
2019-05-22 20:39:42 WARN  ServerApp:96 - Connection Error/disconnect
2019-05-22 21:03:11 INFO  ServerApp:54 - Correct User
2019-05-22 21:03:45 WARN  ServerApp:96 - Connection Error/disconnect
2019-05-22 21:03:45 WARN  ServerApp:96 - Connection Error/disconnect
2019-05-22 21:05:21 INFO  ServerApp:54 - Correct User
2019-05-22 21:07:14 WARN  ServerApp:96 - Connection Error/disconnect
2019-05-22 21:08:20 WARN  ServerApp:96 - Connection Error/disconnect
2019-05-22 21:08:56 INFO  ServerApp:54 - Correct User
2019-05-22 21:12:05 WARN  ServerApp:96 - Connection Error/disconnect
2019-05-22 21:12:21 INFO  ServerApp:54 - Correct User
2019-05-22 21:12:48 WARN  ServerApp:96 - Connection Error/disconnect
2019-05-22 21:12:48 WARN  ServerApp:96 - Connection Error/disconnect
2019-05-22 21:13:18 INFO  ServerApp:54 - Correct User
2019-05-22 21:14:40 WARN  ServerApp:96 - Connection Error/disconnect
2019-05-22 21:14:59 INFO  ServerApp:54 - Correct User
2019-05-22 21:20:41 WARN  ServerApp:96 - Connection Error/disconnect
2019-05-22 21:21:03 INFO  ServerApp:54 - Correct User
2019-05-22 21:21:55 WARN  ServerApp:96 - Connection Error/disconnect
2019-05-22 21:21:55 WARN  ServerApp:96 - Connection Error/disconnect
2019-05-22 21:23:49 INFO  ServerApp:54 - Correct User
2019-05-22 21:25:34 WARN  ServerApp:96 - Connection Error/disconnect
2019-05-22 21:25:34 WARN  ServerApp:96 - Connection Error/disconnect
2019-05-22 21:25:52 INFO  ServerApp:54 - Correct User
2019-05-22 21:26:25 WARN  ServerApp:96 - Connection Error/disconnect
2019-05-22 21:28:30 INFO  ServerApp:54 - Correct User
2019-05-22 21:28:55 WARN  ServerApp:96 - Connection Error/disconnect
2019-05-22 21:30:51 INFO  ServerApp:54 - Correct User
2019-05-22 21:31:55 WARN  ServerApp:96 - Connection Error/disconnect
2019-05-22 21:32:13 WARN  ServerApp:96 - Connection Error/disconnect
2019-05-22 21:32:44 INFO  ServerApp:54 - Correct User
2019-05-22 21:33:04 WARN  ServerApp:96 - Connection Error/disconnect
2019-05-22 21:34:06 INFO  ServerApp:54 - Correct User
2019-05-22 21:34:34 WARN  ServerApp:96 - Connection Error/disconnect
2019-05-22 21:39:04 INFO  ServerApp:54 - Correct User
2019-05-22 21:45:03 INFO  ServerApp:54 - Correct User
2019-05-22 21:45:17 WARN  ServerApp:96 - Connection Error/disconnect
2019-05-22 21:45:17 WARN  ServerApp:96 - Connection Error/disconnect
2019-05-22 21:47:37 INFO  ServerApp:54 - Correct User
2019-05-22 21:47:58 WARN  ServerApp:96 - Connection Error/disconnect
2019-05-22 21:47:58 WARN  ServerApp:96 - Connection Error/disconnect
2019-05-22 21:51:48 INFO  ServerApp:54 - Correct User
2019-05-22 21:52:05 WARN  ServerApp:96 - Connection Error/disconnect
2019-05-22 21:52:05 WARN  ServerApp:96 - Connection Error/disconnect
2019-05-22 21:53:02 INFO  ServerApp:54 - Correct User
2019-05-22 21:54:21 WARN  ServerApp:96 - Connection Error/disconnect
2019-05-22 21:54:21 WARN  ServerApp:96 - Connection Error/disconnect
2019-05-22 21:54:38 INFO  ServerApp:54 - Correct User
2019-05-22 21:55:01 WARN  ServerApp:96 - Connection Error/disconnect
2019-05-22 21:55:01 WARN  ServerApp:96 - Connection Error/disconnect
2019-05-22 21:55:36 INFO  ServerApp:54 - Correct User
2019-05-22 21:55:58 WARN  ServerApp:96 - Connection Error/disconnect
2019-05-22 21:55:58 WARN  ServerApp:96 - Connection Error/disconnect
2019-05-22 21:56:53 INFO  ServerApp:54 - Correct User
2019-05-22 21:57:36 WARN  ServerApp:96 - Connection Error/disconnect
2019-05-22 21:57:36 WARN  ServerApp:96 - Connection Error/disconnect
2019-05-22 21:58:59 INFO  ServerApp:54 - Correct User
2019-05-22 22:00:03 WARN  ServerApp:96 - Connection Error/disconnect
2019-05-22 22:00:03 WARN  ServerApp:96 - Connection Error/disconnect
2019-05-22 22:29:45 INFO  ServerApp:54 - Correct User
2019-05-22 22:30:19 WARN  ServerApp:96 - Connection Error/disconnect
2019-05-22 22:30:19 WARN  ServerApp:96 - Connection Error/disconnect
2019-05-22 22:30:51 INFO  ServerApp:54 - Correct User
2019-05-22 22:31:28 WARN  ServerApp:96 - Connection Error/disconnect
2019-05-22 22:31:28 WARN  ServerApp:96 - Connection Error/disconnect
2019-05-22 22:33:30 INFO  ServerApp:54 - Correct User
2019-05-22 22:37:32 WARN  ServerApp:96 - Connection Error/disconnect
2019-05-22 22:37:59 INFO  ServerApp:55 - Correct User
2019-05-22 22:44:35 INFO  ServerApp:55 - Correct User
2019-05-22 22:45:39 INFO  ServerApp:55 - Correct User
2019-05-22 22:50:44 INFO  ServerApp:55 - Correct User
2019-05-22 22:51:44 WARN  ServerApp:98 - Connection Error/disconnect
2019-05-22 22:51:44 WARN  ServerApp:98 - Connection Error/disconnect
2019-05-22 22:53:03 INFO  ServerApp:55 - Correct User
2019-05-22 22:54:03 WARN  ServerApp:98 - Connection Error/disconnect
2019-05-22 22:54:03 WARN  ServerApp:98 - Connection Error/disconnect
2019-05-22 22:55:26 INFO  ServerApp:55 - Correct User
2019-05-22 22:55:44 WARN  ServerApp:98 - Connection Error/disconnect
2019-05-22 22:55:44 WARN  ServerApp:98 - Connection Error/disconnect
2019-05-23 21:23:35 INFO  ServerApp:60 - Correct User
2019-05-23 21:36:44 WARN  ServerApp:115 - Connection Error/disconnect
2019-05-23 21:36:44 WARN  ServerApp:115 - Connection Error/disconnect
2019-05-23 23:01:36 INFO  ServerApp:60 - Correct User
2019-05-23 23:36:28 WARN  ServerApp:114 - Connection Error/disconnect
2019-05-23 23:36:28 WARN  ServerApp:114 - Connection Error/disconnect
2019-05-23 23:38:19 INFO  ServerApp:61 - Correct User
2019-05-23 23:39:51 WARN  ServerApp:115 - Connection Error/disconnect
2019-05-23 23:39:51 WARN  ServerApp:115 - Connection Error/disconnect
2019-05-23 23:40:22 INFO  ServerApp:61 - Correct User
2019-05-23 23:41:00 WARN  ServerApp:115 - Connection Error/disconnect
2019-05-23 23:41:00 WARN  ServerApp:115 - Connection Error/disconnect
2019-05-23 23:41:28 INFO  ServerApp:61 - Correct User
2019-05-23 23:43:18 WARN  ServerApp:115 - Connection Error/disconnect
2019-05-23 23:43:18 WARN  ServerApp:115 - Connection Error/disconnect
2019-05-23 23:43:49 INFO  ServerApp:61 - Correct User
2019-05-23 23:44:12 WARN  ServerApp:115 - Connection Error/disconnect
2019-05-23 23:44:12 WARN  ServerApp:115 - Connection Error/disconnect
2019-05-23 23:44:35 INFO  ServerApp:61 - Correct User
2019-05-23 23:46:28 WARN  ServerApp:115 - Connection Error/disconnect
2019-05-23 23:46:28 WARN  ServerApp:115 - Connection Error/disconnect
2019-05-23 23:46:50 INFO  ServerApp:61 - Correct User
2019-05-23 23:54:23 WARN  ServerApp:115 - Connection Error/disconnect
2019-05-23 23:54:23 WARN  ServerApp:115 - Connection Error/disconnect
2019-05-23 23:54:48 INFO  ServerApp:61 - Correct User
2019-05-23 23:55:45 WARN  ServerApp:117 - Connection Error/disconnect
2019-05-23 23:55:45 WARN  ServerApp:117 - Connection Error/disconnect
2019-05-23 23:56:11 INFO  ServerApp:61 - Correct User
2019-05-23 23:57:40 WARN  ServerApp:117 - Connection Error/disconnect
2019-05-23 23:57:40 WARN  ServerApp:117 - Connection Error/disconnect
2019-05-23 23:58:07 INFO  ServerApp:61 - Correct User
2019-05-24 00:05:14 WARN  ServerApp:115 - Connection Error/disconnect
2019-05-24 00:05:14 WARN  ServerApp:115 - Connection Error/disconnect
2019-05-24 00:06:50 INFO  ServerApp:59 - Correct User
2019-05-24 00:07:00 WARN  ServerApp:113 - Connection Error/disconnect
2019-05-24 00:07:00 WARN  ServerApp:113 - Connection Error/disconnect
2019-05-25 00:02:11 INFO  ServerApp:59 - Correct User
2019-05-25 00:02:44 WARN  ServerApp:113 - Connection Error/disconnect
2019-05-25 00:05:02 WARN  ServerApp:113 - Connection Error/disconnect
2019-05-25 00:05:29 INFO  ServerApp:59 - Correct User
2019-05-25 00:07:26 WARN  ServerApp:113 - Connection Error/disconnect
2019-05-25 00:07:26 WARN  ServerApp:113 - Connection Error/disconnect
2019-05-25 00:07:38 WARN  ServerApp:113 - Connection Error/disconnect
2019-05-25 00:08:01 INFO  ServerApp:59 - Correct User
2019-05-25 00:15:01 WARN  ServerApp:113 - Connection Error/disconnect
2019-05-25 00:15:01 WARN  ServerApp:113 - Connection Error/disconnect
2019-05-25 00:16:28 INFO  ServerApp:59 - Correct User
2019-05-25 00:17:03 WARN  ServerApp:113 - Connection Error/disconnect
2019-05-25 00:17:03 WARN  ServerApp:113 - Connection Error/disconnect
2019-05-25 00:17:57 INFO  ServerApp:59 - Correct User
2019-05-25 00:18:52 WARN  ServerApp:113 - Connection Error/disconnect
2019-05-25 00:18:52 WARN  ServerApp:113 - Connection Error/disconnect
2019-05-25 00:19:27 INFO  ServerApp:59 - Correct User
2019-05-25 00:20:41 WARN  ServerApp:113 - Connection Error/disconnect
2019-05-25 00:20:41 WARN  ServerApp:113 - Connection Error/disconnect
2019-05-25 00:33:46 INFO  ServerApp:59 - Correct User
2019-05-25 00:35:41 WARN  ServerApp:113 - Connection Error/disconnect
2019-05-25 00:35:41 WARN  ServerApp:113 - Connection Error/disconnect
2019-05-25 20:31:17 INFO  ServerApp:59 - Correct User
2019-05-26 00:30:45 WARN  ServerApp:113 - Connection Error/disconnect
2019-05-26 00:30:45 WARN  ServerApp:113 - Connection Error/disconnect
2019-05-27 20:07:34 INFO  ServerApp:57 - Correct User
2019-05-27 20:09:18 WARN  ServerApp:111 - Connection Error/disconnect
2019-05-27 20:09:18 WARN  ServerApp:111 - Connection Error/disconnect
2019-05-27 20:09:42 INFO  ServerApp:57 - Correct User
2019-05-27 20:14:59 WARN  ServerApp:111 - Connection Error/disconnect
2019-05-27 20:14:59 WARN  ServerApp:111 - Connection Error/disconnect
2019-05-27 20:15:53 INFO  ServerApp:57 - Correct User
2019-05-27 20:40:55 WARN  ServerApp:113 - Connection Error/disconnect
2019-05-27 20:40:55 WARN  ServerApp:113 - Connection Error/disconnect
2019-05-27 20:41:53 INFO  ServerApp:57 - Correct User
2019-05-27 20:46:54 WARN  ServerApp:114 - Connection Error/disconnect
2019-05-27 20:46:54 WARN  ServerApp:114 - Connection Error/disconnect
2019-05-27 20:47:56 INFO  ServerApp:57 - Correct User
2019-05-27 20:50:20 WARN  ServerApp:114 - Connection Error/disconnect
2019-05-27 20:50:20 WARN  ServerApp:114 - Connection Error/disconnect
2019-05-27 20:50:45 INFO  ServerApp:57 - Correct User
2019-05-27 20:55:37 WARN  ServerApp:114 - Connection Error/disconnect
2019-05-27 20:55:37 WARN  ServerApp:114 - Connection Error/disconnect
2019-05-27 20:56:02 INFO  ServerApp:57 - Correct User
2019-05-27 20:57:55 WARN  ServerApp:114 - Connection Error/disconnect
2019-05-27 20:57:55 WARN  ServerApp:114 - Connection Error/disconnect
2019-05-27 20:58:18 INFO  ServerApp:57 - Correct User
2019-05-27 21:25:58 WARN  ServerApp:114 - Connection Error/disconnect
2019-05-27 21:25:58 WARN  ServerApp:114 - Connection Error/disconnect
2019-05-27 21:26:26 INFO  ServerApp:57 - Correct User
2019-05-27 21:27:15 WARN  ServerApp:114 - Connection Error/disconnect
2019-05-27 21:27:15 WARN  ServerApp:114 - Connection Error/disconnect
2019-05-27 21:27:39 INFO  ServerApp:57 - Correct User
2019-05-27 21:52:45 WARN  ServerApp:115 - Connection Error/disconnect
2019-05-27 21:52:45 WARN  ServerApp:115 - Connection Error/disconnect
2019-05-27 21:53:27 INFO  ServerApp:57 - Correct User
2019-05-27 21:55:54 WARN  ServerApp:114 - Connection Error/disconnect
2019-05-27 21:55:54 WARN  ServerApp:114 - Connection Error/disconnect
2019-05-27 22:04:02 INFO  ServerApp:57 - Correct User
2019-05-27 22:05:56 WARN  ServerApp:114 - Connection Error/disconnect
2019-05-27 22:05:56 WARN  ServerApp:114 - Connection Error/disconnect
2019-05-27 22:06:21 INFO  ServerApp:57 - Correct User
2019-05-27 22:09:06 WARN  ServerApp:113 - Connection Error/disconnect
2019-05-27 22:09:06 WARN  ServerApp:113 - Connection Error/disconnect
2019-05-27 22:17:10 INFO  ServerApp:57 - Correct User
2019-05-27 22:18:28 WARN  ServerApp:113 - Connection Error/disconnect
2019-05-27 22:18:28 WARN  ServerApp:113 - Connection Error/disconnect
2019-05-27 22:18:51 INFO  ServerApp:57 - Correct User
2019-05-27 22:20:32 WARN  ServerApp:113 - Connection Error/disconnect
2019-05-27 22:20:32 WARN  ServerApp:113 - Connection Error/disconnect
2019-05-27 22:21:13 INFO  ServerApp:57 - Correct User
2019-05-27 22:22:10 WARN  ServerApp:113 - Connection Error/disconnect
2019-05-27 22:22:10 WARN  ServerApp:113 - Connection Error/disconnect
2019-05-27 22:22:42 WARN  ServerApp:113 - Connection Error/disconnect
2019-05-27 22:23:07 INFO  ServerApp:57 - Correct User
2019-05-27 22:23:22 WARN  ServerApp:113 - Connection Error/disconnect
2019-05-27 22:23:22 WARN  ServerApp:113 - Connection Error/disconnect
2019-05-27 22:24:34 INFO  ServerApp:57 - Correct User
2019-05-27 22:26:01 WARN  ServerApp:113 - Connection Error/disconnect
2019-05-27 22:26:01 WARN  ServerApp:113 - Connection Error/disconnect
2019-05-27 22:28:07 INFO  ServerApp:57 - Correct User
2019-05-27 22:28:25 WARN  ServerApp:113 - Connection Error/disconnect
2019-05-27 22:28:25 WARN  ServerApp:113 - Connection Error/disconnect
2019-05-27 22:28:53 INFO  ServerApp:57 - Correct User
2019-05-27 22:29:09 WARN  ServerApp:113 - Connection Error/disconnect
2019-05-27 22:29:45 INFO  ServerApp:57 - Correct User
2019-05-27 22:29:51 WARN  ServerApp:113 - Connection Error/disconnect
2019-05-27 22:33:43 INFO  ServerApp:57 - Correct User
2019-05-27 22:33:49 WARN  ServerApp:113 - Connection Error/disconnect
2019-05-27 22:40:23 INFO  ServerApp:57 - Correct User
2019-05-27 22:40:34 WARN  ServerApp:114 - Connection Error/disconnect
2019-05-27 22:48:41 INFO  ServerApp:57 - Correct User
2019-05-28 18:09:32 WARN  ServerApp:114 - Connection Error/disconnect
2019-05-28 23:26:42 INFO  ServerApp:55 - Correct User
2019-05-28 23:50:03 WARN  ServerApp:144 - Connection Error/disconnect
2019-05-28 23:51:35 INFO  ServerApp:55 - Correct User
2019-05-28 23:53:03 WARN  ServerApp:144 - Connection Error/disconnect
2019-05-28 23:53:19 INFO  ServerApp:55 - Correct User
2019-05-28 23:57:33 WARN  ServerApp:144 - Connection Error/disconnect
2019-05-28 23:57:58 INFO  ServerApp:55 - Correct User
2019-05-28 23:59:48 WARN  ServerApp:145 - Connection Error/disconnect
2019-05-29 00:00:11 INFO  ServerApp:55 - Correct User
2019-05-29 00:00:17 WARN  ServerApp:145 - Connection Error/disconnect
2019-05-29 00:02:13 INFO  ServerApp:55 - Correct User
2019-05-29 00:02:17 WARN  ServerApp:145 - Connection Error/disconnect
2019-05-29 23:22:57 INFO  ServerApp:55 - Correct User
2019-05-29 23:44:11 WARN  ServerApp:145 - Connection Error/disconnect
2019-05-29 23:44:11 WARN  ServerApp:145 - Connection Error/disconnect
2019-05-29 23:45:15 INFO  ServerApp:55 - Correct User
2019-05-29 23:45:35 WARN  ServerApp:145 - Connection Error/disconnect
2019-05-29 23:45:54 INFO  ServerApp:55 - Correct User
2019-05-30 22:35:51 INFO  ServerApp:57 - Correct User
2019-05-30 22:45:25 WARN  ServerApp:147 - Connection Error/disconnect
2019-05-30 22:45:25 WARN  ServerApp:147 - Connection Error/disconnect
2019-05-30 22:45:34 WARN  ServerApp:147 - Connection Error/disconnect
2019-05-30 22:46:12 INFO  ServerApp:57 - Correct User
2019-05-30 22:46:41 WARN  ServerApp:143 - Connection Error/disconnect
2019-05-30 22:46:41 WARN  ServerApp:143 - Connection Error/disconnect
2019-05-30 22:50:35 INFO  ServerApp:57 - Correct User
2019-05-30 22:53:50 WARN  ServerApp:144 - Connection Error/disconnect
2019-05-30 22:53:50 WARN  ServerApp:144 - Connection Error/disconnect
2019-05-30 23:02:38 INFO  ServerApp:57 - Correct User
2019-05-30 23:04:39 WARN  ServerApp:145 - Connection Error/disconnect
2019-05-30 23:04:55 INFO  ServerApp:57 - Correct User
2019-05-30 23:06:31 WARN  ServerApp:145 - Connection Error/disconnect
2019-05-30 23:06:31 WARN  ServerApp:145 - Connection Error/disconnect
2019-05-30 23:06:47 INFO  ServerApp:57 - Correct User
2019-05-30 23:07:10 WARN  ServerApp:145 - Connection Error/disconnect
2019-05-30 23:07:27 INFO  ServerApp:57 - Correct User
2019-05-30 23:10:36 WARN  ServerApp:145 - Connection Error/disconnect
2019-05-30 23:10:52 INFO  ServerApp:57 - Correct User
2019-05-30 23:10:58 WARN  ServerApp:145 - Connection Error/disconnect
2019-05-30 23:12:20 INFO  ServerApp:57 - Correct User
2019-05-30 23:12:26 WARN  ServerApp:145 - Connection Error/disconnect
2019-05-30 23:13:04 INFO  ServerApp:57 - Correct User
2019-05-30 23:13:08 WARN  ServerApp:145 - Connection Error/disconnect
2019-05-30 23:15:37 INFO  ServerApp:57 - Correct User
2019-05-30 23:15:42 WARN  ServerApp:145 - Connection Error/disconnect
2019-05-30 23:15:42 WARN  ServerApp:145 - Connection Error/disconnect
2019-05-30 23:16:30 INFO  ServerApp:57 - Correct User
2019-05-30 23:16:33 WARN  ServerApp:145 - Connection Error/disconnect
2019-05-30 23:16:33 WARN  ServerApp:145 - Connection Error/disconnect
2019-05-30 23:18:49 INFO  ServerApp:57 - Correct User
2019-05-30 23:19:50 WARN  ServerApp:145 - Connection Error/disconnect
2019-05-30 23:19:50 WARN  ServerApp:145 - Connection Error/disconnect
2019-05-30 23:20:14 INFO  ServerApp:57 - Correct User
2019-05-30 23:20:25 WARN  ServerApp:152 - Connection Error/disconnect
2019-05-30 23:20:25 WARN  ServerApp:152 - Connection Error/disconnect
2019-05-30 23:20:55 INFO  ServerApp:57 - Correct User
2019-05-30 23:21:42 WARN  ServerApp:151 - Connection Error/disconnect
2019-05-30 23:21:42 WARN  ServerApp:151 - Connection Error/disconnect
2019-05-30 23:26:27 INFO  ServerApp:57 - Correct User
2019-05-30 23:26:35 WARN  ServerApp:145 - Connection Error/disconnect
2019-05-30 23:26:35 WARN  ServerApp:145 - Connection Error/disconnect
2019-05-30 23:31:10 INFO  ServerApp:57 - Correct User
2019-05-30 23:31:17 WARN  ServerApp:145 - Connection Error/disconnect
2019-05-30 23:31:17 WARN  ServerApp:145 - Connection Error/disconnect
2019-05-30 23:36:02 INFO  ServerApp:57 - Correct User
2019-05-30 23:36:05 WARN  ServerApp:145 - Connection Error/disconnect
2019-05-30 23:36:05 WARN  ServerApp:145 - Connection Error/disconnect
2019-05-31 16:44:37 INFO  ServerApp:57 - Correct User
2019-05-31 16:44:58 WARN  ServerApp:145 - Connection Error/disconnect
2019-05-31 16:44:58 WARN  ServerApp:145 - Connection Error/disconnect
2019-05-31 17:00:23 INFO  ServerApp:57 - Correct User
2019-05-31 17:04:40 WARN  ServerApp:145 - Connection Error/disconnect
2019-05-31 17:04:40 WARN  ServerApp:145 - Connection Error/disconnect
2019-05-31 17:04:59 INFO  ServerApp:57 - Correct User
2019-05-31 17:19:10 WARN  ServerApp:145 - Connection Error/disconnect
2019-05-31 17:19:10 WARN  ServerApp:145 - Connection Error/disconnect
2019-05-31 17:20:06 INFO  ServerApp:57 - Correct User
2019-05-31 17:30:49 WARN  ServerApp:145 - Connection Error/disconnect
2019-05-31 17:30:49 WARN  ServerApp:145 - Connection Error/disconnect
2019-05-31 17:31:11 INFO  ServerApp:57 - Correct User
2019-05-31 17:36:14 WARN  ServerApp:145 - Connection Error/disconnect
2019-05-31 17:38:35 INFO  ServerApp:57 - Correct User
2019-05-31 17:38:43 WARN  ServerApp:145 - Connection Error/disconnect
2019-05-31 17:39:59 INFO  ServerApp:57 - Correct User
2019-05-31 17:40:04 WARN  ServerApp:145 - Connection Error/disconnect
2019-05-31 17:40:42 INFO  ServerApp:57 - Correct User
2019-05-31 17:40:46 WARN  ServerApp:145 - Connection Error/disconnect
2019-05-31 17:41:32 INFO  ServerApp:57 - Correct User
2019-05-31 17:41:37 WARN  ServerApp:145 - Connection Error/disconnect
2019-05-31 17:43:22 INFO  ServerApp:57 - Correct User
2019-05-31 17:43:27 WARN  ServerApp:145 - Connection Error/disconnect
2019-05-31 17:44:52 INFO  ServerApp:57 - Correct User
2019-05-31 17:44:57 WARN  ServerApp:145 - Connection Error/disconnect
2019-05-31 17:45:26 INFO  ServerApp:57 - Correct User
2019-05-31 23:50:12 WARN  ServerApp:145 - Connection Error/disconnect
2019-05-31 23:50:12 WARN  ServerApp:145 - Connection Error/disconnect
2019-05-31 23:51:50 INFO  ServerApp:57 - Correct User
2019-05-31 23:53:31 WARN  ServerApp:145 - Connection Error/disconnect
2019-05-31 23:53:31 WARN  ServerApp:145 - Connection Error/disconnect
2019-05-31 23:53:50 INFO  ServerApp:57 - Correct User
2019-06-01 00:04:26 WARN  ServerApp:145 - Connection Error/disconnect
2019-06-01 00:04:26 WARN  ServerApp:145 - Connection Error/disconnect
2019-06-01 00:04:41 INFO  ServerApp:57 - Correct User
2019-06-01 00:05:57 WARN  ServerApp:145 - Connection Error/disconnect
2019-06-01 00:06:13 INFO  ServerApp:57 - Correct User
2019-06-01 00:09:06 WARN  ServerApp:145 - Connection Error/disconnect
2019-06-01 00:09:06 WARN  ServerApp:145 - Connection Error/disconnect
2019-06-01 00:09:22 INFO  ServerApp:57 - Correct User
2019-06-01 00:11:45 WARN  ServerApp:145 - Connection Error/disconnect
2019-06-01 00:11:45 WARN  ServerApp:145 - Connection Error/disconnect
2019-06-01 00:18:25 INFO  ServerApp:57 - Correct User
2019-06-01 00:18:39 WARN  ServerApp:143 - Connection Error/disconnect
2019-06-01 00:18:39 WARN  ServerApp:143 - Connection Error/disconnect
2019-06-01 00:24:46 INFO  ServerApp:57 - Correct User
2019-06-01 00:25:00 WARN  ServerApp:143 - Connection Error/disconnect
2019-06-01 00:25:00 WARN  ServerApp:143 - Connection Error/disconnect
2019-06-01 00:25:03 WARN  ServerApp:143 - Connection Error/disconnect
2019-06-01 00:25:26 INFO  ServerApp:57 - Correct User
2019-06-01 00:25:32 WARN  ServerApp:143 - Connection Error/disconnect
2019-06-01 00:25:32 WARN  ServerApp:143 - Connection Error/disconnect
2019-06-01 00:29:49 INFO  ServerApp:57 - Correct User
2019-06-01 00:30:06 WARN  ServerApp:143 - Connection Error/disconnect
2019-06-01 00:30:20 INFO  ServerApp:57 - Correct User
2019-06-01 00:30:37 WARN  ServerApp:143 - Connection Error/disconnect
2019-06-01 00:30:37 WARN  ServerApp:143 - Connection Error/disconnect
2019-06-01 00:31:22 WARN  ServerApp:143 - Connection Error/disconnect
2019-06-01 00:32:54 INFO  ServerApp:57 - Correct User
2019-06-01 00:34:51 WARN  ServerApp:143 - Connection Error/disconnect
2019-06-01 00:34:51 WARN  ServerApp:143 - Connection Error/disconnect
2019-06-01 19:29:13 INFO  ServerApp:57 - Correct User
2019-06-01 19:35:43 WARN  ServerApp:143 - Connection Error/disconnect
2019-06-01 19:36:14 INFO  ServerApp:57 - Correct User
2019-06-01 19:41:32 WARN  ServerApp:143 - Connection Error/disconnect
2019-06-01 19:41:54 INFO  ServerApp:57 - Correct User
2019-06-01 19:45:01 WARN  ServerApp:143 - Connection Error/disconnect
2019-06-01 19:45:34 INFO  ServerApp:57 - Correct User
2019-06-01 20:17:25 WARN  ServerApp:143 - Connection Error/disconnect
2019-06-01 20:17:41 INFO  ServerApp:57 - Correct User
2019-06-01 20:18:56 INFO  ServerApp:57 - Correct User
2019-06-01 20:21:10 INFO  ServerApp:57 - Correct User
2019-06-01 20:23:05 INFO  ServerApp:57 - Correct User
2019-06-01 20:24:28 WARN  ServerApp:143 - Connection Error/disconnect
2019-06-01 20:24:42 INFO  ServerApp:57 - Correct User
2019-06-01 20:25:00 WARN  ServerApp:143 - Connection Error/disconnect
2019-06-01 20:25:29 INFO  ServerApp:57 - Correct User
2019-06-01 20:26:05 WARN  ServerApp:143 - Connection Error/disconnect
2019-06-01 20:27:06 INFO  ServerApp:57 - Correct User
2019-06-01 20:27:30 WARN  ServerApp:143 - Connection Error/disconnect
2019-06-01 20:27:44 INFO  ServerApp:57 - Correct User
2019-06-01 20:28:33 WARN  ServerApp:143 - Connection Error/disconnect
2019-06-01 20:35:21 INFO  ServerApp:57 - Correct User
2019-06-01 20:38:50 INFO  ServerApp:57 - Correct User
2019-06-01 20:42:40 INFO  ServerApp:57 - Correct User
2019-06-01 20:43:39 WARN  ServerApp:143 - Connection Error/disconnect
2019-06-01 20:53:28 INFO  ServerApp:57 - Correct User
2019-06-01 20:53:51 WARN  ServerApp:143 - Connection Error/disconnect
2019-06-02 11:53:18 INFO  ServerApp:57 - Correct User
2019-06-02 12:04:35 WARN  ServerApp:143 - Connection Error/disconnect
2019-06-02 12:07:41 INFO  ServerApp:57 - Correct User
2019-06-02 12:08:15 WARN  ServerApp:143 - Connection Error/disconnect
2019-06-02 12:10:34 INFO  ServerApp:57 - Correct User
2019-06-02 12:15:50 WARN  ServerApp:143 - Connection Error/disconnect
2019-06-02 12:16:08 INFO  ServerApp:57 - Correct User
2019-06-02 12:16:22 WARN  ServerApp:143 - Connection Error/disconnect
2019-06-02 12:20:33 INFO  ServerApp:57 - Correct User
2019-06-02 12:21:00 WARN  ServerApp:143 - Connection Error/disconnect
2019-06-02 12:21:00 WARN  ServerApp:143 - Connection Error/disconnect
2019-06-02 12:22:14 INFO  ServerApp:57 - Correct User
2019-06-02 12:24:17 WARN  ServerApp:143 - Connection Error/disconnect
2019-06-02 12:27:33 INFO  ServerApp:57 - Correct User
2019-06-02 13:15:20 INFO  ServerApp:57 - Correct User
2019-06-02 13:16:20 WARN  ServerApp:143 - Connection Error/disconnect
2019-06-02 13:16:20 WARN  ServerApp:143 - Connection Error/disconnect
2019-06-02 13:16:35 INFO  ServerApp:57 - Correct User
2019-06-02 13:16:50 WARN  ServerApp:143 - Connection Error/disconnect
2019-06-02 13:17:24 INFO  ServerApp:57 - Correct User
2019-06-02 13:17:32 WARN  ServerApp:143 - Connection Error/disconnect
2019-06-02 13:17:49 INFO  ServerApp:57 - Correct User
2019-06-02 13:18:38 WARN  ServerApp:143 - Connection Error/disconnect
2019-06-02 13:18:38 WARN  ServerApp:143 - Connection Error/disconnect
2019-06-02 13:20:49 INFO  ServerApp:57 - Correct User
2019-06-02 13:21:09 WARN  ServerApp:143 - Connection Error/disconnect
2019-06-02 13:21:09 WARN  ServerApp:143 - Connection Error/disconnect
2019-06-02 13:22:06 INFO  ServerApp:57 - Correct User
2019-06-02 13:23:54 WARN  ServerApp:143 - Connection Error/disconnect
2019-06-02 13:23:54 WARN  ServerApp:143 - Connection Error/disconnect
2019-06-02 13:24:21 INFO  ServerApp:57 - Correct User
2019-06-02 13:25:06 WARN  ServerApp:143 - Connection Error/disconnect
2019-06-02 13:25:56 INFO  ServerApp:57 - Correct User
2019-06-02 13:26:08 WARN  ServerApp:143 - Connection Error/disconnect
2019-06-02 13:26:09 WARN  ServerApp:143 - Connection Error/disconnect
2019-06-02 13:26:35 INFO  ServerApp:57 - Correct User
2019-06-02 13:26:41 WARN  ServerApp:143 - Connection Error/disconnect
2019-06-02 13:26:42 WARN  ServerApp:143 - Connection Error/disconnect
2019-06-02 13:27:08 INFO  ServerApp:57 - Correct User
2019-06-02 13:28:46 WARN  ServerApp:143 - Connection Error/disconnect
2019-06-02 13:28:46 WARN  ServerApp:143 - Connection Error/disconnect
2019-06-02 13:29:02 INFO  ServerApp:57 - Correct User
2019-06-02 13:29:09 WARN  ServerApp:143 - Connection Error/disconnect
2019-06-02 13:29:10 WARN  ServerApp:143 - Connection Error/disconnect
2019-06-02 13:30:15 INFO  ServerApp:57 - Correct User
2019-06-02 13:30:58 WARN  ServerApp:143 - Connection Error/disconnect
2019-06-02 13:30:58 WARN  ServerApp:143 - Connection Error/disconnect
2019-06-02 13:32:19 INFO  ServerApp:57 - Correct User
2019-06-02 13:33:22 WARN  ServerApp:143 - Connection Error/disconnect
2019-06-02 13:33:22 WARN  ServerApp:143 - Connection Error/disconnect
2019-06-02 13:35:17 INFO  ServerApp:57 - Correct User
2019-06-02 13:36:59 INFO  ServerApp:57 - Correct User
2019-06-02 13:37:48 WARN  ServerApp:143 - Connection Error/disconnect
2019-06-02 13:37:48 WARN  ServerApp:143 - Connection Error/disconnect
2019-06-04 18:20:35 INFO  ServerApp:57 - Correct User
2019-06-04 19:16:44 WARN  ServerApp:143 - Connection Error/disconnect
2019-06-04 19:16:44 WARN  ServerApp:143 - Connection Error/disconnect
2019-06-04 19:22:34 INFO  ServerApp:57 - Correct User
2019-06-04 19:23:08 WARN  ServerApp:143 - Connection Error/disconnect
2019-06-04 19:24:30 INFO  ServerApp:57 - Correct User
2019-06-04 19:24:40 WARN  ServerApp:143 - Connection Error/disconnect
2019-06-04 19:25:21 INFO  ServerApp:57 - Correct User
2019-06-04 19:42:39 WARN  ServerApp:143 - Connection Error/disconnect
2019-06-04 19:42:39 WARN  ServerApp:143 - Connection Error/disconnect
2019-06-04 23:07:29 INFO  ServerApp:57 - Correct User
2019-06-04 23:08:25 WARN  ServerApp:143 - Connection Error/disconnect
2019-06-04 23:08:25 WARN  ServerApp:143 - Connection Error/disconnect
2019-06-04 23:09:35 INFO  ServerApp:57 - Correct User
2019-06-04 23:09:47 WARN  ServerApp:143 - Connection Error/disconnect
2019-06-04 23:09:47 WARN  ServerApp:143 - Connection Error/disconnect
2019-06-04 23:13:01 INFO  ServerApp:57 - Correct User
2019-06-04 23:16:16 WARN  ServerApp:143 - Connection Error/disconnect
2019-06-04 23:16:16 WARN  ServerApp:143 - Connection Error/disconnect
2019-06-04 23:16:32 INFO  ServerApp:57 - Correct User
2019-06-04 23:17:52 WARN  ServerApp:143 - Connection Error/disconnect
2019-06-04 23:17:52 WARN  ServerApp:143 - Connection Error/disconnect
2019-06-04 23:18:08 INFO  ServerApp:57 - Correct User
2019-06-04 23:18:15 WARN  ServerApp:143 - Connection Error/disconnect
2019-06-04 23:18:15 WARN  ServerApp:143 - Connection Error/disconnect
2019-06-04 23:20:59 INFO  ServerApp:57 - Correct User
2019-06-04 23:21:46 WARN  ServerApp:143 - Connection Error/disconnect
2019-06-04 23:21:46 WARN  ServerApp:143 - Connection Error/disconnect
2019-06-04 23:23:10 INFO  ServerApp:57 - Correct User
2019-06-04 23:24:18 WARN  ServerApp:143 - Connection Error/disconnect
2019-06-04 23:24:18 WARN  ServerApp:143 - Connection Error/disconnect
2019-06-04 23:24:40 INFO  ServerApp:57 - Correct User
2019-06-04 23:25:32 WARN  ServerApp:143 - Connection Error/disconnect
2019-06-04 23:25:32 WARN  ServerApp:143 - Connection Error/disconnect
2019-06-04 23:27:07 INFO  ServerApp:57 - Correct User
2019-06-04 23:27:26 WARN  ServerApp:143 - Connection Error/disconnect
2019-06-04 23:27:26 WARN  ServerApp:143 - Connection Error/disconnect
2019-06-04 23:31:02 INFO  ServerApp:57 - Correct User
2019-06-04 23:32:12 WARN  ServerApp:143 - Connection Error/disconnect
2019-06-04 23:32:12 WARN  ServerApp:143 - Connection Error/disconnect
2019-06-04 23:33:20 INFO  ServerApp:57 - Correct User
2019-06-04 23:34:55 WARN  ServerApp:143 - Connection Error/disconnect
2019-06-04 23:34:55 WARN  ServerApp:143 - Connection Error/disconnect
2019-06-05 20:12:14 INFO  ServerApp:57 - Correct User
2019-06-05 20:13:19 WARN  ServerApp:143 - Connection Error/disconnect
2019-06-05 20:13:19 WARN  ServerApp:143 - Connection Error/disconnect
2019-06-05 20:17:54 INFO  ServerApp:57 - Correct User
2019-06-05 20:18:37 WARN  ServerApp:143 - Connection Error/disconnect
2019-06-05 20:18:37 WARN  ServerApp:143 - Connection Error/disconnect
2019-06-05 20:23:48 INFO  ServerApp:57 - Correct User
2019-06-05 20:24:20 WARN  ServerApp:143 - Connection Error/disconnect
2019-06-05 20:24:20 WARN  ServerApp:143 - Connection Error/disconnect
2019-06-05 20:24:50 INFO  ServerApp:57 - Correct User
2019-06-05 20:25:55 WARN  ServerApp:143 - Connection Error/disconnect
2019-06-05 20:25:55 WARN  ServerApp:143 - Connection Error/disconnect
2019-06-05 20:28:02 INFO  ServerApp:57 - Correct User
2019-06-05 20:30:29 WARN  ServerApp:143 - Connection Error/disconnect
2019-06-05 20:30:29 WARN  ServerApp:143 - Connection Error/disconnect
2019-06-05 20:30:47 INFO  ServerApp:57 - Correct User
2019-06-05 20:31:15 WARN  ServerApp:143 - Connection Error/disconnect
2019-06-05 20:31:15 WARN  ServerApp:143 - Connection Error/disconnect
2019-06-05 20:45:18 INFO  ServerApp:57 - Correct User
2019-06-05 20:54:14 WARN  ServerApp:143 - Connection Error/disconnect
2019-06-05 20:54:14 WARN  ServerApp:143 - Connection Error/disconnect
2019-06-07 16:35:38 INFO  ServerApp:57 - Correct User
2019-06-07 16:36:59 WARN  ServerApp:135 - Connection Error/disconnect
2019-06-07 16:36:59 WARN  ServerApp:135 - Connection Error/disconnect
2019-06-07 16:37:42 INFO  ServerApp:57 - Correct User
2019-06-07 16:38:34 WARN  ServerApp:135 - Connection Error/disconnect
2019-06-07 16:38:34 WARN  ServerApp:135 - Connection Error/disconnect
2019-06-07 16:52:16 INFO  ServerApp:57 - Correct User
2019-06-07 16:54:17 WARN  ServerApp:135 - Connection Error/disconnect
2019-06-07 16:54:17 WARN  ServerApp:135 - Connection Error/disconnect
2019-06-08 23:05:20 INFO  ServerApp:58 - Correct User
2019-06-08 23:07:09 WARN  ServerApp:138 - Connection Error/disconnect
2019-06-08 23:07:09 WARN  ServerApp:138 - Connection Error/disconnect
2019-06-08 23:10:38 INFO  ServerApp:58 - Correct User
2019-06-08 23:33:16 WARN  ServerApp:138 - Connection Error/disconnect
2019-06-08 23:33:16 WARN  ServerApp:138 - Connection Error/disconnect
2019-06-08 23:37:34 INFO  ServerApp:58 - Correct User
2019-06-08 23:38:58 WARN  ServerApp:138 - Connection Error/disconnect
2019-06-08 23:38:58 WARN  ServerApp:138 - Connection Error/disconnect
2019-06-08 23:40:03 INFO  ServerApp:58 - Correct User
2019-06-08 23:41:24 WARN  ServerApp:138 - Connection Error/disconnect
2019-06-08 23:41:24 WARN  ServerApp:138 - Connection Error/disconnect
2019-06-08 23:43:25 INFO  ServerApp:58 - Correct User
2019-06-08 23:43:52 WARN  ServerApp:138 - Connection Error/disconnect
2019-06-08 23:43:52 WARN  ServerApp:138 - Connection Error/disconnect
2019-06-08 23:45:00 INFO  ServerApp:58 - Correct User
2019-06-08 23:45:15 WARN  ServerApp:138 - Connection Error/disconnect
2019-06-08 23:45:15 WARN  ServerApp:138 - Connection Error/disconnect
2019-06-08 23:49:12 INFO  ServerApp:58 - Correct User
2019-06-08 23:49:29 WARN  ServerApp:138 - Connection Error/disconnect
2019-06-08 23:49:29 WARN  ServerApp:138 - Connection Error/disconnect
2019-06-08 23:50:01 INFO  ServerApp:58 - Correct User
2019-06-08 23:52:06 WARN  ServerApp:138 - Connection Error/disconnect
2019-06-08 23:52:06 WARN  ServerApp:138 - Connection Error/disconnect
2019-06-08 23:54:26 INFO  ServerApp:58 - Correct User
2019-06-08 23:59:49 WARN  ServerApp:138 - Connection Error/disconnect
2019-06-08 23:59:49 WARN  ServerApp:138 - Connection Error/disconnect
2019-06-09 00:01:10 INFO  ServerApp:58 - Correct User
2019-06-09 00:01:17 WARN  ServerApp:138 - Connection Error/disconnect
2019-06-09 00:01:17 WARN  ServerApp:138 - Connection Error/disconnect
2019-06-09 00:01:45 INFO  ServerApp:58 - Correct User
2019-06-09 00:01:52 WARN  ServerApp:138 - Connection Error/disconnect
2019-06-09 00:01:52 WARN  ServerApp:138 - Connection Error/disconnect
2019-06-10 07:18:48 INFO  ServerApp:58 - Correct User
2019-06-10 07:20:27 WARN  ServerApp:138 - Connection Error/disconnect
2019-06-10 07:20:27 WARN  ServerApp:138 - Connection Error/disconnect
2019-06-10 07:20:44 INFO  ServerApp:58 - Correct User
2019-06-10 22:18:30 INFO  ServerApp:58 - Correct User
2019-06-10 22:18:42 WARN  ServerApp:138 - Connection Error/disconnect
2019-06-10 22:18:42 WARN  ServerApp:138 - Connection Error/disconnect
2019-06-10 22:20:21 INFO  ServerApp:58 - Correct User
2019-06-10 22:22:42 WARN  ServerApp:138 - Connection Error/disconnect
2019-06-10 22:22:42 WARN  ServerApp:138 - Connection Error/disconnect
